1400121469.383: Started collarTracker log
1400121469.803: Started timeout
1400121470.151: Got GPS
1400121470.151: Finished timeout
1400121470.151: Started timeout
1400121470.791: Got GPS
1400121470.791: Finished timeout
1400121470.792: Started timeout
1400121471.430: Got GPS
1400121471.430: Finished timeout
1400121471.430: Started timeout
1400121472.071: Got GPS
1400121472.071: Finished timeout
1400121472.071: Started timeout
1400121472.711: Got GPS
1400121472.711: Finished timeout
1400121472.711: Started timeout
1400121473.350: Got GPS
1400121473.350: Getting SDR data...
1400121474.969: done
1400121475.206: Finished timeout
1400121475.206: Started timeout
1400121475.210: Got GPS
1400121475.210: Finished timeout
1400121475.456: Started timeout
1400121475.751: Got GPS
1400121475.751: Finished timeout
1400121475.751: Started timeout
1400121476.271: Got GPS
1400121476.271: Finished timeout
1400121476.271: Started timeout
1400121476.790: Got GPS
1400121476.790: Finished timeout
1400121476.790: Started timeout
1400121477.311: Got GPS
1400121477.311: Finished timeout
1400121477.311: Started timeout
1400121477.831: Got GPS
1400121477.831: Getting SDR data...
1400121479.443: done
1400121479.677: Finished timeout
1400121479.678: Started timeout
1400121480.431: Got GPS
1400121480.431: Finished timeout
1400121480.431: Started timeout
1400121480.950: Got GPS
1400121480.950: Finished timeout
1400121480.950: Started timeout
1400121481.470: Got GPS
1400121481.470: Finished timeout
1400121481.470: Started timeout
1400121481.991: Got GPS
1400121481.991: Finished timeout
1400121481.991: Started timeout
1400121482.510: Got GPS
1400121482.510: Finished timeout
1400121482.510: Started timeout
1400121483.030: Got GPS
1400121483.030: Getting SDR data...
1400121484.643: done
1400121484.874: Finished timeout
1400121484.874: Started timeout
1400121484.879: Got GPS
1400121484.879: Finished timeout
1400121485.125: Started timeout
1400121485.130: Got GPS
1400121485.130: Finished timeout
1400121485.376: Started timeout
1400121485.379: Got GPS
1400121485.379: Finished timeout
1400121485.627: Started timeout
1400121485.631: Got GPS
1400121485.631: Finished timeout
1400121485.877: Started timeout
1400121485.880: Got GPS
1400121485.880: Finished timeout
1400121486.127: Started timeout
1400121486.231: Got GPS
1400121486.231: Getting SDR data...
1400121487.841: done
1400121488.203: Finished timeout
1400121488.203: Started timeout
1400121488.206: Got GPS
1400121488.206: Finished timeout
1400121488.454: Started timeout
1400121488.459: Got GPS
1400121488.459: Finished timeout
1400121488.704: Started timeout
1400121488.707: Got GPS
1400121488.707: Finished timeout
1400121488.955: Started timeout
1400121488.960: Got GPS
1400121488.960: Finished timeout
1400121489.205: Started timeout
1400121489.209: Got GPS
1400121489.209: Finished timeout
1400121489.456: Started timeout
1400121489.471: Got GPS
1400121489.471: Getting SDR data...
1400121491.084: done
1400121491.299: Finished timeout
1400121491.299: Started timeout
1400121491.303: Got GPS
1400121491.303: Finished timeout
1400121491.550: Started timeout
1400121491.555: Got GPS
1400121491.555: Finished timeout
1400121491.801: Started timeout
1400121491.805: Got GPS
1400121491.805: Finished timeout
1400121492.052: Started timeout
1400121492.151: Got GPS
1400121492.151: Finished timeout
1400121492.303: Started timeout
1400121492.750: Got GPS
1400121492.750: Finished timeout
1400121492.750: Started timeout
1400121493.350: Got GPS
1400121493.350: Getting SDR data...
1400121494.964: done
1400121495.199: Finished timeout
1400121495.199: Started timeout
1400121495.207: Got GPS
1400121495.207: Finished timeout
1400121495.449: Started timeout
1400121495.453: Got GPS
1400121495.453: Finished timeout
1400121495.700: Started timeout
1400121495.704: Got GPS
1400121495.704: Finished timeout
1400121495.951: Started timeout
1400121496.231: Got GPS
1400121496.231: Finished timeout
1400121496.231: Started timeout
1400121496.771: Got GPS
1400121496.771: Finished timeout
1400121496.771: Started timeout
1400121497.290: Got GPS
1400121497.290: Getting SDR data...
1400121498.903: done
1400121499.119: Finished timeout
1400121499.120: Started timeout
1400121499.123: Got GPS
1400121499.123: Finished timeout
1400121499.371: Started timeout
1400121499.376: Got GPS
1400121499.376: Finished timeout
1400121499.621: Started timeout
1400121499.625: Got GPS
1400121499.625: Finished timeout
1400121499.872: Started timeout
1400121499.877: Got GPS
1400121499.877: Finished timeout
1400121500.123: Started timeout
1400121500.127: Got GPS
1400121500.127: Finished timeout
1400121500.374: Started timeout
1400121500.410: Got GPS
1400121500.410: Getting SDR data...
1400121502.026: done
1400121502.354: Finished timeout
1400121502.354: Started timeout
1400121502.358: Got GPS
1400121502.358: Finished timeout
1400121502.605: Started timeout
1400121502.609: Got GPS
1400121502.609: Finished timeout
1400121502.855: Started timeout
1400121502.859: Got GPS
1400121502.859: Finished timeout
1400121503.106: Started timeout
1400121503.110: Got GPS
1400121503.110: Finished timeout
1400121503.357: Started timeout
1400121503.361: Got GPS
1400121503.361: Finished timeout
1400121503.609: Started timeout
1400121503.617: Got GPS
1400121503.617: Getting SDR data...
1400121505.231: done
1400121505.446: Finished timeout
1400121505.446: Started timeout
1400121505.450: Got GPS
1400121505.450: Finished timeout
1400121505.697: Started timeout
1400121505.701: Got GPS
1400121505.701: Finished timeout
1400121505.947: Started timeout
1400121505.951: Got GPS
1400121505.951: Finished timeout
1400121506.198: Started timeout
1400121506.202: Got GPS
1400121506.202: Finished timeout
1400121506.449: Started timeout
1400121506.454: Got GPS
1400121506.454: Finished timeout
1400121506.700: Started timeout
1400121508.210: Got GPS
1400121508.210: Getting SDR data...
1400121509.823: done
1400121510.046: Finished timeout
1400121510.046: Started timeout
1400121510.050: Got GPS
1400121510.050: Finished timeout
1400121510.297: Started timeout
1400121510.302: Got GPS
1400121510.303: Finished timeout
1400121510.548: Started timeout
1400121510.551: Got GPS
1400121510.551: Finished timeout
1400121510.799: Started timeout
1400121510.804: Got GPS
1400121510.804: Finished timeout
1400121511.050: Started timeout
1400121511.054: Got GPS
1400121511.054: Finished timeout
1400121511.300: Started timeout
1400121511.330: Got GPS
1400121511.330: Getting SDR data...
1400121512.942: done
1400121513.157: Finished timeout
1400121513.157: Started timeout
1400121513.161: Got GPS
1400121513.161: Finished timeout
1400121513.408: Started timeout
1400121513.414: Got GPS
1400121513.414: Finished timeout
1400121513.659: Started timeout
1400121513.663: Got GPS
1400121513.663: Finished timeout
1400121513.910: Started timeout
1400121513.915: Got GPS
1400121513.915: Finished timeout
1400121514.161: Started timeout
1400121514.165: Got GPS
1400121514.165: Finished timeout
1400121514.412: Started timeout
1400121514.450: Got GPS
1400121514.450: Getting SDR data...
1400121516.064: done
1400121516.397: Finished timeout
1400121516.397: Started timeout
1400121516.401: Got GPS
1400121516.401: Finished timeout
1400121516.648: Started timeout
1400121516.652: Got GPS
1400121516.652: Finished timeout
1400121516.899: Started timeout
1400121516.903: Got GPS
1400121516.903: Finished timeout
1400121517.150: Started timeout
1400121517.571: Got GPS
1400121517.571: Finished timeout
1400121517.571: Started timeout
1400121518.090: Got GPS
1400121518.090: Finished timeout
1400121518.091: Started timeout
1400121518.611: Got GPS
1400121518.611: Getting SDR data...
1400121520.225: done
1400121520.439: Finished timeout
1400121520.439: Started timeout
1400121520.443: Got GPS
1400121520.443: Finished timeout
1400121520.690: Started timeout
1400121520.695: Got GPS
1400121520.695: Finished timeout
1400121520.941: Started timeout
1400121520.945: Got GPS
1400121520.945: Finished timeout
1400121521.192: Started timeout
1400121521.196: Got GPS
1400121521.196: Finished timeout
1400121521.443: Started timeout
1400121521.446: Got GPS
1400121521.446: Finished timeout
1400121521.694: Started timeout
1400121521.730: Got GPS
1400121521.730: Getting SDR data...
1400121523.344: done
1400121523.582: Finished timeout
1400121523.582: Started timeout
1400121523.586: Got GPS
1400121523.586: Finished timeout
1400121523.833: Started timeout
1400121523.836: Got GPS
1400121523.836: Finished timeout
1400121524.084: Started timeout
1400121524.087: Got GPS
1400121524.087: Finished timeout
1400121524.335: Started timeout
1400121524.339: Got GPS
1400121524.339: Finished timeout
1400121524.585: Started timeout
1400121524.671: Got GPS
1400121524.671: Finished timeout
1400121524.836: Started timeout
1400121525.311: Got GPS
1400121525.311: Getting SDR data...
1400121526.923: done
1400121527.138: Finished timeout
1400121527.139: Started timeout
1400121527.142: Got GPS
1400121527.142: Finished timeout
1400121527.389: Started timeout
1400121527.393: Got GPS
1400121527.393: Finished timeout
1400121527.640: Started timeout
1400121527.644: Got GPS
1400121527.644: Finished timeout
1400121527.891: Started timeout
1400121527.894: Got GPS
1400121527.894: Finished timeout
1400121528.142: Started timeout
1400121528.430: Got GPS
1400121528.430: Finished timeout
1400121528.430: Started timeout
