1400121339.948: Started collarTracker log
1400121340.483: Started timeout
1400121340.752: Got GPS
1400121340.752: Finished timeout
1400121340.752: Started timeout
1400121341.271: Got GPS
1400121341.271: Finished timeout
1400121341.271: Started timeout
1400121341.791: Got GPS
1400121341.791: Finished timeout
1400121341.791: Started timeout
1400121342.311: Got GPS
1400121342.311: Finished timeout
1400121342.311: Started timeout
1400121342.831: Got GPS
1400121342.831: Finished timeout
1400121342.831: Started timeout
1400121343.351: Got GPS
1400121343.351: Getting SDR data...
1400121344.970: done
1400121345.193: Finished timeout
1400121345.193: Started timeout
1400121345.197: Got GPS
1400121345.197: Finished timeout
1400121345.444: Started timeout
1400121345.450: Got GPS
1400121345.450: Finished timeout
1400121345.695: Started timeout
1400121345.699: Got GPS
1400121345.699: Finished timeout
1400121345.946: Started timeout
1400121345.951: Got GPS
1400121345.951: Finished timeout
1400121346.197: Started timeout
1400121346.201: Got GPS
1400121346.201: Finished timeout
1400121346.447: Started timeout
1400121346.473: Got GPS
1400121346.473: Getting SDR data...
1400121348.088: done
1400121348.312: Finished timeout
1400121348.312: Started timeout
1400121348.316: Got GPS
1400121348.316: Finished timeout
1400121348.563: Started timeout
1400121348.568: Got GPS
1400121348.568: Finished timeout
1400121348.814: Started timeout
1400121348.817: Got GPS
1400121348.817: Finished timeout
1400121349.065: Started timeout
1400121349.070: Got GPS
1400121349.070: Finished timeout
1400121349.315: Started timeout
1400121349.591: Got GPS
1400121349.591: Finished timeout
1400121349.591: Started timeout
1400121350.112: Got GPS
1400121350.112: Getting SDR data...
1400121351.725: done
1400121351.949: Finished timeout
1400121351.949: Started timeout
1400121351.953: Got GPS
1400121351.953: Finished timeout
1400121352.199: Started timeout
1400121352.204: Got GPS
1400121352.204: Finished timeout
1400121352.450: Started timeout
1400121352.454: Got GPS
1400121352.454: Finished timeout
1400121352.701: Started timeout
1400121352.707: Got GPS
1400121352.707: Finished timeout
1400121352.952: Started timeout
1400121352.957: Got GPS
1400121352.957: Finished timeout
1400121353.202: Started timeout
1400121353.232: Got GPS
1400121353.232: Getting SDR data...
1400121354.854: done
1400121355.206: Finished timeout
1400121355.206: Started timeout
1400121355.210: Got GPS
1400121355.210: Finished timeout
1400121355.457: Started timeout
1400121355.462: Got GPS
1400121355.462: Finished timeout
1400121355.708: Started timeout
1400121355.712: Got GPS
1400121355.712: Finished timeout
1400121355.959: Started timeout
1400121355.962: Got GPS
1400121355.962: Finished timeout
1400121356.210: Started timeout
1400121356.213: Got GPS
1400121356.213: Finished timeout
1400121356.460: Started timeout
1400121356.711: Got GPS
1400121356.711: Getting SDR data...
1400121358.322: done
1400121358.546: Finished timeout
1400121358.546: Started timeout
1400121358.550: Got GPS
1400121358.550: Finished timeout
1400121358.797: Started timeout
1400121358.801: Got GPS
1400121358.801: Finished timeout
1400121359.048: Started timeout
1400121359.051: Got GPS
1400121359.051: Finished timeout
1400121359.299: Started timeout
1400121359.304: Got GPS
1400121359.304: Finished timeout
1400121359.549: Started timeout
1400121359.751: Got GPS
1400121359.751: Finished timeout
1400121359.799: Started timeout
1400121360.311: Got GPS
1400121360.311: Getting SDR data...
1400121361.924: done
1400121362.151: Finished timeout
1400121362.151: Started timeout
1400121362.155: Got GPS
1400121362.155: Finished timeout
1400121362.401: Started timeout
1400121362.406: Got GPS
1400121362.406: Finished timeout
1400121362.652: Started timeout
1400121362.656: Got GPS
1400121362.656: Finished timeout
1400121362.903: Started timeout
1400121362.912: Got GPS
1400121362.912: Finished timeout
1400121363.155: Started timeout
1400121363.158: Got GPS
1400121363.158: Finished timeout
1400121363.405: Started timeout
1400121363.591: Got GPS
1400121363.591: Getting SDR data...
1400121365.202: done
1400121365.441: Finished timeout
1400121365.441: Started timeout
1400121365.444: Got GPS
1400121365.444: Finished timeout
1400121365.691: Started timeout
1400121365.695: Got GPS
1400121365.695: Finished timeout
1400121365.942: Started timeout
1400121365.946: Got GPS
1400121365.946: Finished timeout
1400121366.193: Started timeout
1400121366.197: Got GPS
1400121366.197: Finished timeout
1400121366.444: Started timeout
1400121366.449: Got GPS
1400121366.449: Finished timeout
1400121366.695: Started timeout
1400121366.991: Got GPS
1400121366.991: Getting SDR data...
1400121368.603: done
1400121368.951: Finished timeout
1400121368.951: Started timeout
1400121368.956: Got GPS
1400121368.956: Finished timeout
1400121369.202: Started timeout
1400121369.206: Got GPS
1400121369.206: Finished timeout
1400121369.453: Started timeout
1400121369.457: Got GPS
1400121369.457: Finished timeout
1400121369.705: Started timeout
1400121369.708: Got GPS
1400121369.708: Finished timeout
1400121369.956: Started timeout
1400121369.959: Got GPS
1400121369.959: Finished timeout
1400121370.206: Started timeout
1400121370.211: Got GPS
1400121370.211: Getting SDR data...
1400121371.836: done
1400121372.050: Finished timeout
1400121372.050: Started timeout
1400121372.053: Got GPS
1400121372.053: Finished timeout
1400121372.301: Started timeout
1400121372.306: Got GPS
1400121372.306: Finished timeout
1400121372.551: Started timeout
1400121372.557: Got GPS
1400121372.557: Finished timeout
1400121372.802: Started timeout
1400121372.806: Got GPS
1400121372.806: Finished timeout
1400121373.053: Started timeout
1400121373.057: Got GPS
1400121373.057: Finished timeout
1400121373.304: Started timeout
1400121373.431: Got GPS
1400121373.431: Getting SDR data...
1400121375.042: done
1400121375.271: Finished timeout
1400121375.271: Started timeout
1400121375.276: Got GPS
1400121375.276: Finished timeout
1400121375.522: Started timeout
1400121375.529: Got GPS
1400121375.529: Finished timeout
1400121375.773: Started timeout
1400121375.777: Got GPS
1400121375.777: Finished timeout
1400121376.024: Started timeout
1400121376.231: Got GPS
1400121376.231: Finished timeout
1400121376.275: Started timeout
1400121376.791: Got GPS
1400121376.791: Finished timeout
1400121376.791: Started timeout
1400121377.350: Got GPS
1400121377.351: Getting SDR data...
1400121378.963: done
1400121379.190: Finished timeout
1400121379.190: Started timeout
1400121379.194: Got GPS
1400121379.194: Finished timeout
1400121379.441: Started timeout
1400121379.445: Got GPS
1400121379.445: Finished timeout
1400121379.692: Started timeout
1400121379.696: Got GPS
1400121379.696: Finished timeout
1400121379.943: Started timeout
1400121379.946: Got GPS
1400121379.946: Finished timeout
1400121380.194: Started timeout
1400121380.197: Got GPS
1400121380.197: Finished timeout
1400121380.445: Started timeout
1400121380.711: Got GPS
1400121380.711: Getting SDR data...
1400121382.323: done
1400121382.734: Finished timeout
1400121382.734: Started timeout
1400121382.738: Got GPS
1400121382.738: Finished timeout
1400121382.985: Started timeout
1400121382.989: Got GPS
1400121382.989: Finished timeout
1400121383.235: Started timeout
1400121383.239: Got GPS
1400121383.239: Finished timeout
1400121383.486: Started timeout
1400121383.490: Got GPS
1400121383.490: Finished timeout
1400121383.737: Started timeout
1400121383.741: Got GPS
1400121383.741: Finished timeout
1400121383.988: Started timeout
1400121383.993: Got GPS
1400121383.993: Getting SDR data...
1400121385.600: done
1400121385.827: Finished timeout
1400121385.827: Started timeout
1400121385.831: Got GPS
1400121385.831: Finished timeout
1400121386.079: Started timeout
1400121386.082: Got GPS
1400121386.082: Finished timeout
1400121386.330: Started timeout
1400121386.334: Got GPS
1400121386.334: Finished timeout
1400121386.581: Started timeout
1400121386.584: Got GPS
1400121386.584: Finished timeout
1400121386.832: Started timeout
1400121386.836: Got GPS
1400121386.836: Finished timeout
1400121387.082: Started timeout
1400121387.086: Got GPS
1400121387.086: Getting SDR data...
1400121388.694: done
1400121388.912: Finished timeout
1400121388.912: Started timeout
1400121388.916: Got GPS
1400121388.916: Finished timeout
1400121389.163: Started timeout
1400121389.167: Got GPS
1400121389.167: Finished timeout
1400121389.414: Started timeout
1400121389.418: Got GPS
1400121389.418: Finished timeout
1400121389.665: Started timeout
1400121389.669: Got GPS
1400121389.669: Finished timeout
1400121389.916: Started timeout
1400121389.920: Got GPS
1400121389.920: Finished timeout
1400121390.167: Started timeout
1400121390.170: Got GPS
1400121390.170: Getting SDR data...
1400121391.776: done
1400121392.004: Finished timeout
1400121392.004: Started timeout
1400121392.008: Got GPS
1400121392.008: Finished timeout
1400121392.255: Started timeout
1400121392.258: Got GPS
1400121392.258: Finished timeout
1400121392.506: Started timeout
1400121392.514: Got GPS
1400121392.515: Finished timeout
1400121392.757: Started timeout
1400121392.760: Got GPS
1400121392.760: Finished timeout
1400121393.007: Started timeout
1400121393.011: Got GPS
1400121393.011: Finished timeout
1400121393.259: Started timeout
1400121393.471: Got GPS
1400121393.471: Getting SDR data...
1400121395.083: done
1400121395.430: Finished timeout
1400121395.430: Started timeout
1400121395.434: Got GPS
1400121395.434: Finished timeout
1400121395.681: Started timeout
1400121395.684: Got GPS
1400121395.684: Finished timeout
1400121395.932: Started timeout
1400121395.936: Got GPS
1400121395.936: Finished timeout
1400121396.183: Started timeout
1400121396.187: Got GPS
1400121396.187: Finished timeout
1400121396.434: Started timeout
1400121396.438: Got GPS
1400121396.438: Finished timeout
1400121396.685: Started timeout
1400121396.689: Got GPS
1400121396.689: Getting SDR data...
1400121398.297: done
1400121398.510: Finished timeout
1400121398.510: Started timeout
1400121398.515: Got GPS
1400121398.515: Finished timeout
1400121398.760: Started timeout
1400121398.764: Got GPS
1400121398.764: Finished timeout
1400121399.011: Started timeout
1400121399.015: Got GPS
1400121399.015: Finished timeout
1400121399.262: Started timeout
1400121399.265: Got GPS
1400121399.266: Finished timeout
1400121399.513: Started timeout
1400121399.516: Got GPS
1400121399.516: Finished timeout
1400121399.764: Started timeout
