1400121852.199: Started collarTracker log
1400121852.582: Started timeout
1400121852.849: Got GPS
1400121852.849: Finished timeout
1400121852.849: Started timeout
1400121853.368: Got GPS
1400121853.368: Finished timeout
1400121853.368: Started timeout
1400121853.889: Got GPS
1400121853.889: Finished timeout
1400121853.889: Started timeout
1400121854.408: Got GPS
1400121854.409: Finished timeout
1400121854.409: Started timeout
1400121855.448: Got GPS
1400121855.448: Finished timeout
1400121855.448: Started timeout
1400121855.969: Got GPS
1400121855.969: Getting SDR data...
1400121857.587: done
1400121857.820: Finished timeout
1400121857.820: Started timeout
1400121857.824: Got GPS
1400121857.824: Finished timeout
1400121858.071: Started timeout
1400121858.075: Got GPS
1400121858.075: Finished timeout
1400121858.322: Started timeout
1400121858.326: Got GPS
1400121858.326: Finished timeout
1400121858.573: Started timeout
1400121858.576: Got GPS
1400121858.576: Finished timeout
1400121858.823: Started timeout
1400121858.889: Got GPS
1400121858.889: Finished timeout
1400121859.074: Started timeout
1400121859.489: Got GPS
1400121859.489: Getting SDR data...
1400121861.112: done
1400121861.360: Finished timeout
1400121861.360: Started timeout
1400121861.363: Got GPS
1400121861.363: Finished timeout
1400121861.610: Started timeout
1400121861.614: Got GPS
1400121861.614: Finished timeout
1400121861.861: Started timeout
1400121861.866: Got GPS
1400121861.866: Finished timeout
1400121862.112: Started timeout
1400121862.116: Got GPS
1400121862.116: Finished timeout
1400121862.363: Started timeout
1400121862.489: Got GPS
1400121862.489: Finished timeout
1400121862.613: Started timeout
1400121863.089: Got GPS
1400121863.089: Getting SDR data...
1400121864.706: done
1400121864.951: Finished timeout
1400121864.951: Started timeout
1400121864.954: Got GPS
1400121864.954: Finished timeout
1400121865.202: Started timeout
1400121865.205: Got GPS
1400121865.206: Finished timeout
1400121865.453: Started timeout
1400121865.456: Got GPS
1400121865.456: Finished timeout
1400121865.704: Started timeout
1400121865.708: Got GPS
1400121865.708: Finished timeout
1400121865.954: Started timeout
1400121865.964: Got GPS
1400121865.964: Finished timeout
1400121866.205: Started timeout
1400121866.288: Got GPS
1400121866.288: Getting SDR data...
1400121867.900: done
1400121868.247: Finished timeout
1400121868.248: Started timeout
1400121868.251: Got GPS
1400121868.251: Finished timeout
1400121868.499: Started timeout
1400121868.507: Got GPS
1400121868.507: Finished timeout
1400121868.749: Started timeout
1400121868.753: Got GPS
1400121868.753: Finished timeout
1400121869.000: Started timeout
1400121869.004: Got GPS
1400121869.004: Finished timeout
1400121869.250: Started timeout
1400121869.409: Got GPS
1400121869.409: Finished timeout
1400121869.501: Started timeout
1400121869.928: Got GPS
1400121869.929: Getting SDR data...
1400121871.541: done
1400121871.770: Finished timeout
1400121871.770: Started timeout
1400121871.774: Got GPS
1400121871.774: Finished timeout
1400121872.021: Started timeout
1400121872.025: Got GPS
1400121872.025: Finished timeout
1400121872.272: Started timeout
1400121872.275: Got GPS
1400121872.275: Finished timeout
1400121872.523: Started timeout
1400121872.529: Got GPS
1400121872.529: Finished timeout
1400121872.774: Started timeout
1400121872.781: Got GPS
1400121872.781: Finished timeout
1400121873.024: Started timeout
1400121873.329: Got GPS
1400121873.329: Getting SDR data...
1400121874.943: done
1400121875.160: Finished timeout
1400121875.160: Started timeout
1400121875.163: Got GPS
1400121875.163: Finished timeout
1400121875.410: Started timeout
1400121875.415: Got GPS
1400121875.415: Finished timeout
1400121875.661: Started timeout
1400121875.664: Got GPS
1400121875.664: Finished timeout
1400121875.912: Started timeout
1400121876.049: Got GPS
1400121876.049: Finished timeout
1400121876.163: Started timeout
1400121876.688: Got GPS
1400121876.688: Finished timeout
1400121876.688: Started timeout
1400121877.328: Got GPS
1400121877.328: Getting SDR data...
1400121878.941: done
1400121879.158: Finished timeout
1400121879.158: Started timeout
1400121879.162: Got GPS
1400121879.162: Finished timeout
1400121879.408: Started timeout
1400121879.412: Got GPS
1400121879.412: Finished timeout
1400121879.659: Started timeout
1400121879.662: Got GPS
1400121879.662: Finished timeout
1400121879.910: Started timeout
1400121879.913: Got GPS
1400121879.913: Finished timeout
1400121880.160: Started timeout
1400121880.289: Got GPS
1400121880.289: Finished timeout
1400121880.411: Started timeout
1400121880.848: Got GPS
1400121880.848: Getting SDR data...
1400121882.461: done
1400121882.855: Finished timeout
1400121882.855: Started timeout
1400121882.859: Got GPS
1400121882.859: Finished timeout
1400121883.106: Started timeout
1400121883.111: Got GPS
1400121883.111: Finished timeout
1400121883.357: Started timeout
1400121883.361: Got GPS
1400121883.361: Finished timeout
1400121883.608: Started timeout
1400121883.612: Got GPS
1400121883.612: Finished timeout
1400121883.859: Started timeout
1400121883.863: Got GPS
1400121883.863: Finished timeout
1400121884.109: Started timeout
1400121884.113: Got GPS
1400121884.113: Getting SDR data...
1400121885.721: done
1400121885.935: Finished timeout
1400121885.935: Started timeout
1400121885.939: Got GPS
1400121885.939: Finished timeout
1400121886.186: Started timeout
1400121886.191: Got GPS
1400121886.191: Finished timeout
1400121886.438: Started timeout
1400121886.442: Got GPS
1400121886.442: Finished timeout
1400121886.689: Started timeout
1400121886.692: Got GPS
1400121886.692: Finished timeout
1400121886.940: Started timeout
1400121886.943: Got GPS
1400121886.943: Finished timeout
1400121887.190: Started timeout
1400121887.569: Got GPS
1400121887.569: Getting SDR data...
1400121889.193: done
1400121889.409: Finished timeout
1400121889.409: Started timeout
1400121889.412: Got GPS
1400121889.412: Finished timeout
1400121889.659: Started timeout
1400121889.663: Got GPS
1400121889.663: Finished timeout
1400121889.910: Started timeout
1400121889.913: Got GPS
1400121889.913: Finished timeout
1400121890.161: Started timeout
1400121890.568: Got GPS
1400121890.568: Finished timeout
1400121890.568: Started timeout
1400121891.328: Got GPS
1400121891.328: Finished timeout
1400121891.328: Started timeout
1400121892.028: Got GPS
1400121892.028: Getting SDR data...
1400121893.638: done
1400121893.855: Finished timeout
1400121893.855: Started timeout
1400121893.858: Got GPS
1400121893.858: Finished timeout
1400121894.105: Started timeout
1400121894.109: Got GPS
1400121894.109: Finished timeout
1400121894.356: Started timeout
1400121894.359: Got GPS
1400121894.359: Finished timeout
1400121894.607: Started timeout
1400121894.668: Got GPS
1400121894.668: Finished timeout
1400121894.858: Started timeout
1400121895.328: Got GPS
1400121895.328: Finished timeout
1400121895.328: Started timeout
1400121895.949: Got GPS
1400121895.949: Getting SDR data...
1400121897.562: done
1400121897.904: Finished timeout
1400121897.904: Started timeout
1400121897.908: Got GPS
1400121897.908: Finished timeout
1400121898.155: Started timeout
1400121898.160: Got GPS
1400121898.160: Finished timeout
1400121898.406: Started timeout
1400121898.410: Got GPS
1400121898.410: Finished timeout
1400121898.657: Started timeout
1400121898.661: Got GPS
1400121898.661: Finished timeout
1400121898.908: Started timeout
1400121898.912: Got GPS
1400121898.912: Finished timeout
1400121899.158: Started timeout
1400121899.228: Got GPS
1400121899.228: Getting SDR data...
1400121900.852: done
1400121901.068: Finished timeout
1400121901.069: Started timeout
1400121901.072: Got GPS
1400121901.072: Finished timeout
1400121901.320: Started timeout
1400121901.325: Got GPS
1400121901.325: Finished timeout
1400121901.570: Started timeout
1400121901.574: Got GPS
1400121901.574: Finished timeout
1400121901.821: Started timeout
1400121901.826: Got GPS
1400121901.826: Finished timeout
1400121902.072: Started timeout
1400121902.077: Got GPS
1400121902.077: Finished timeout
1400121902.323: Started timeout
1400121902.348: Got GPS
1400121902.348: Getting SDR data...
1400121903.962: done
1400121904.197: Finished timeout
1400121904.197: Started timeout
1400121904.201: Got GPS
1400121904.201: Finished timeout
1400121904.448: Started timeout
1400121904.451: Got GPS
1400121904.451: Finished timeout
1400121904.699: Started timeout
1400121904.702: Got GPS
1400121904.703: Finished timeout
1400121904.950: Started timeout
1400121904.953: Got GPS
1400121904.953: Finished timeout
1400121905.200: Started timeout
1400121905.204: Got GPS
1400121905.204: Finished timeout
1400121905.451: Started timeout
1400121905.669: Got GPS
1400121905.669: Getting SDR data...
1400121907.283: done
1400121907.500: Finished timeout
1400121907.500: Started timeout
1400121907.504: Got GPS
1400121907.504: Finished timeout
1400121907.751: Started timeout
1400121907.756: Got GPS
1400121907.756: Finished timeout
1400121908.002: Started timeout
1400121908.005: Got GPS
1400121908.005: Finished timeout
1400121908.253: Started timeout
1400121908.260: Got GPS
1400121908.260: Finished timeout
1400121908.503: Started timeout
1400121908.507: Got GPS
1400121908.507: Finished timeout
1400121908.754: Started timeout
1400121909.308: Got GPS
1400121909.309: Getting SDR data...
1400121910.921: done
1400121911.247: Finished timeout
1400121911.247: Started timeout
1400121911.252: Got GPS
1400121911.252: Finished timeout
1400121911.498: Started timeout
1400121911.501: Got GPS
1400121911.501: Finished timeout
1400121911.749: Started timeout
1400121911.753: Got GPS
1400121911.753: Finished timeout
1400121912.000: Started timeout
1400121912.004: Got GPS
1400121912.004: Finished timeout
1400121912.250: Started timeout
1400121912.254: Got GPS
1400121912.254: Finished timeout
